DEBUG:root:more element
INFO:root:wtf
WARNING:root:[3628800, 1814400, 1209600, 907200, 725760, 604800, 518400, 453600, 403200, 362880]
DEBUG:root:more element
INFO:root:wtf
WARNING:root:[3628800, 1814400, 1209600, 907200, 725760, 604800, 518400, 453600, 403200, 362880]
DEBUG:root:more element
INFO:root:wtf
WARNING:root:[0, 1814400, 0, 0, 0, 0, 0, 0, 0, 0]
DEBUG:root:more element
INFO:root:wtf
WARNING:root:[6, 3, 2]
DEBUG:root:more element
INFO:root:wtf
WARNING:root:[3628800, 1814400, 1209600, 907200, 725760, 604800, 518400, 453600, 403200, 362880]
DEBUG:root:more element
INFO:root:wtf
WARNING:root:[0, 1814400, 0, 0, 0, 0, 0, 0, 0, 0]
DEBUG:root:more element
INFO:root:wtf
WARNING:root:[6, 3, 2]
DEBUG:root:one element
INFO:root:wtf
WARNING:root:[0]
