DEBUG:root:one element
INFO:root:wtf
WARNING:root:1

DEBUG:root:Один элемент не число
INFO:root:3 = a
WARNING:root:2

DEBUG:root:one element
INFO:root:wtf
WARNING:root:1

DEBUG:root:Один элемент не число
INFO:root:3 = a
WARNING:root:2

DEBUG:root:one element
INFO:root:wtf
WARNING:root:1

DEBUG:root:Один элемент не число
INFO:root:3 = a
WARNING:root:2

DEBUG:root:one element
INFO:root:wtf
WARNING:root:1

DEBUG:root:Один элемент не число
INFO:root:3 = a
WARNING:root:2

DEBUG:root:one element
INFO:root:wtf
WARNING:root:1

DEBUG:root:one element
INFO:root:wtf
WARNING:root:1

DEBUG:root:one element
INFO:root:wtf
WARNING:root:1

DEBUG:root:Один элемент не число
INFO:root:3 = a
WARNING:root:2

DEBUG:root:one element
INFO:root:wtf
WARNING:root:1

DEBUG:root:one element
INFO:root:wtf
WARNING:root:1

DEBUG:root:Один элемент не число
INFO:root:3 = a
WARNING:root:2

DEBUG:root:one element
INFO:root:wtf
WARNING:root:1

DEBUG:root:one element
INFO:root:wtf
WARNING:root:1

DEBUG:root:Один элемент не число
INFO:root:3 = a
WARNING:root:2

DEBUG:root:one element
INFO:root:wtf
WARNING:root:1

DEBUG:root:one element
INFO:root:wtf
WARNING:root:1

DEBUG:root:one element
INFO:root:wtf
WARNING:root:1

DEBUG:root:one element
INFO:root:wtf
WARNING:root:1

DEBUG:root:one element
INFO:root:wtf
WARNING:root:1

DEBUG:root:one element
INFO:root:wtf
WARNING:root:1

DEBUG:root:one element
INFO:root:wtf
WARNING:root:1

DEBUG:root:one element
INFO:root:wtf
WARNING:root:1

